<?xml version="1.0" encoding="UTF-8"?>
<testsuite xmlns:xsi="http://www.w3.org/2001/XMLSchema-instance" xsi:noNamespaceSchemaLocation="https://maven.apache.org/surefire/maven-surefire-plugin/xsd/surefire-test-report-3.0.xsd" version="3.0" name="org.example.controller.product.ProductControllerTest" time="5.701" tests="1" errors="0" skipped="0" failures="0">
  <properties>
[...]
</properties>
  <testcase name="getAllProducts" classname="org.example.controller.product.ProductControllerTest" time="5.541">
    <system-out><![CDATA[Response: [ProductResponseDto(id=12, name=Leche Alpina Entera, description=Paca x 6 und, category=Lacteo/Huevos y refrigerados, tags=Leches, price=16.2, UrlFoto=https://metrocolombiafood.vteximg.com.br/arquivos/ids/266047-750-750/7702001041411.jpg?v=637230837843670000)]
]]></system-out>
  </testcase>
</testsuite>